  Compiling CUDA source file cloth2D.cu...
  
  C:\Users\chris\Downloads\game-premake-main\cloth2DCUDA>"C:\Program Files\NVIDIA GPU Computing Toolkit\CUDA\v11.8\bin\nvcc.exe" -gencode=arch=compute_52,code=\"sm_52,compute_52\" --use-local-env -ccbin "C:\Program Files\Microsoft Visual Studio\2022\Community\VC\Tools\MSVC\14.34.31933\bin\HostX64\x64" -x cu   -I"C:\Users\chris\Downloads\game-premake-main\raylib-master\src" -I"C:\Users\chris\Downloads\game-premake-main\raylib-master\src\external" -I"C:\Users\chris\Downloads\game-premake-main\raylib-master\src\external\glfw\include" -I"C:\Program Files\NVIDIA GPU Computing Toolkit\CUDA\v11.8\include" -I"C:\Program Files\NVIDIA GPU Computing Toolkit\CUDA\v11.8\include"  -G   --keep-dir x64\Debug  -maxrregcount=0  --machine 64 --compile -cudart static  -g  -DWIN32 -DWIN64 -D_DEBUG -D_CONSOLE -D_MBCS -Xcompiler "/EHsc /W3 /nologo /Od /Fdx64\Debug\vc143.pdb /FS /Zi /RTC1 /MDd " -o C:\Users\chris\Downloads\game-premake-main\cloth2DCUDA\x64\Debug\cloth2D.cu.obj "C:\Users\chris\Downloads\game-premake-main\cloth2DCUDA\cloth2D.cu" 
C:\Users\chris\Downloads\game-premake-main\raylib-master\src\raymath.h(153): error : invalid redeclaration of type name "float3"
  C:\Program Files\NVIDIA GPU Computing Toolkit\CUDA\v11.8\include\vector_types.h(397): here
  
  1 error detected in the compilation of "C:/Users/chris/Downloads/game-premake-main/cloth2DCUDA/cloth2D.cu".
  cloth2D.cu
C:\Program Files\Microsoft Visual Studio\2022\Community\MSBuild\Microsoft\VC\v170\BuildCustomizations\CUDA 11.8.targets(785,9): error MSB3721: The command ""C:\Program Files\NVIDIA GPU Computing Toolkit\CUDA\v11.8\bin\nvcc.exe" -gencode=arch=compute_52,code=\"sm_52,compute_52\" --use-local-env -ccbin "C:\Program Files\Microsoft Visual Studio\2022\Community\VC\Tools\MSVC\14.34.31933\bin\HostX64\x64" -x cu   -I"C:\Users\chris\Downloads\game-premake-main\raylib-master\src" -I"C:\Users\chris\Downloads\game-premake-main\raylib-master\src\external" -I"C:\Users\chris\Downloads\game-premake-main\raylib-master\src\external\glfw\include" -I"C:\Program Files\NVIDIA GPU Computing Toolkit\CUDA\v11.8\include" -I"C:\Program Files\NVIDIA GPU Computing Toolkit\CUDA\v11.8\include"  -G   --keep-dir x64\Debug  -maxrregcount=0  --machine 64 --compile -cudart static  -g  -DWIN32 -DWIN64 -D_DEBUG -D_CONSOLE -D_MBCS -Xcompiler "/EHsc /W3 /nologo /Od /Fdx64\Debug\vc143.pdb /FS /Zi /RTC1 /MDd " -o C:\Users\chris\Downloads\game-premake-main\cloth2DCUDA\x64\Debug\cloth2D.cu.obj "C:\Users\chris\Downloads\game-premake-main\cloth2DCUDA\cloth2D.cu"" exited with code 1.
